<?xml version="1.0" encoding="UTF-8"?>
<!-- Generated by org.testng.reporters.JUnitReportReporter -->
<testsuite hostname="DESKTOP-GUI0BSC" failures="0" tests="4" name="com.juaracoding.kasujian4.ujian4.impl.LoginNegatif" time="35.147" errors="0" timestamp="2024-05-07T22:53:43 WIB" skipped="0">
  <testcase classname="com.juaracoding.kasujian4.ujian4.impl.LoginNegatif" name="emptyLogin" time="8.816"/>
  <system-out/>
  <testcase classname="com.juaracoding.kasujian4.ujian4.impl.LoginNegatif" name="invalidPassword" time="8.979"/>
  <system-out/>
  <testcase classname="com.juaracoding.kasujian4.ujian4.impl.LoginNegatif" name="invalidUsername" time="8.679"/>
  <system-out/>
  <testcase classname="com.juaracoding.kasujian4.ujian4.impl.LoginNegatif" name="invalidLogin" time="8.673"/>
  <system-out/>
</testsuite> <!-- com.juaracoding.kasujian4.ujian4.impl.LoginNegatif -->
