<?xml version="1.0" encoding="UTF-8"?>
<!-- Generated by org.testng.reporters.JUnitReportReporter -->
<testsuite hostname="DESKTOP-GUI0BSC" failures="0" tests="2" name="com.juaracoding.kasujian4.ujian4.impl.LoginPositif" time="28.185" errors="0" timestamp="2024-05-07T22:53:43 WIB" skipped="0">
  <testcase classname="com.juaracoding.kasujian4.ujian4.impl.LoginPositif" name="validLogin" time="27.820"/>
  <system-out/>
  <testcase classname="com.juaracoding.kasujian4.ujian4.impl.LoginPositif" name="logout" time="0.365"/>
  <system-out/>
</testsuite> <!-- com.juaracoding.kasujian4.ujian4.impl.LoginPositif -->
