<?xml version="1.0" encoding="UTF-8"?>
<!-- Generated by org.testng.reporters.JUnitReportReporter -->
<testsuite hostname="DESKTOP-GUI0BSC" failures="0" tests="3" name="com.juaracoding.kasujian4.ujian4.impl.Step1Soal11" time="45.809" errors="0" timestamp="2024-05-07T22:53:43 WIB" skipped="0">
  <testcase classname="com.juaracoding.kasujian4.ujian4.impl.Step1Soal11" name="validLogin" time="26.575"/>
  <system-out/>
  <testcase classname="com.juaracoding.kasujian4.ujian4.impl.Step1Soal11" name="homeToSoal11" time="0.793"/>
  <system-out/>
  <testcase classname="com.juaracoding.kasujian4.ujian4.impl.Step1Soal11" name="inputDataSoal11" time="18.441"/>
  <system-out/>
</testsuite> <!-- com.juaracoding.kasujian4.ujian4.impl.Step1Soal11 -->
